<?xml version="1.0" encoding="UTF-8"?>
<testng-results ignored="0" total="2" passed="2" failed="0" skipped="0">
  <reporter-output>
  </reporter-output>
  <suite started-at="2025-09-01T18:08:19 IST" name="Default suite" finished-at="2025-09-01T18:08:50 IST" duration-ms="31817">
    <groups>
    </groups>
    <test started-at="2025-09-01T18:08:19 IST" name="Default test" finished-at="2025-09-01T18:08:50 IST" duration-ms="31817">
      <class name="com.selenium.capstone.tests.CheckOutTest">
        <test-method is-config="true" signature="beforeSuite()[pri:0, instance:com.selenium.capstone.tests.CheckOutTest@7586beff]" started-at="2025-09-01T18:08:18 IST" name="beforeSuite" finished-at="2025-09-01T18:08:19 IST" duration-ms="423" status="PASS">
          <reporter-output>
          </reporter-output>
        </test-method> <!-- beforeSuite -->
        <test-method is-config="true" signature="launchURL()[pri:0, instance:com.selenium.capstone.tests.CheckOutTest@7586beff]" started-at="2025-09-01T18:08:19 IST" name="launchURL" finished-at="2025-09-01T18:08:29 IST" duration-ms="10821" status="PASS">
          <reporter-output>
          </reporter-output>
        </test-method> <!-- launchURL -->
        <test-method signature="invalidCheckOut()[pri:1, instance:com.selenium.capstone.tests.CheckOutTest@7586beff]" started-at="2025-09-01T18:08:29 IST" name="invalidCheckOut" finished-at="2025-09-01T18:08:31 IST" duration-ms="1942" status="PASS">
          <reporter-output>
          </reporter-output>
        </test-method> <!-- invalidCheckOut -->
        <test-method is-config="true" signature="closeURL()[pri:0, instance:com.selenium.capstone.tests.CheckOutTest@7586beff]" started-at="2025-09-01T18:08:31 IST" name="closeURL" finished-at="2025-09-01T18:08:34 IST" duration-ms="2592" status="PASS">
          <reporter-output>
          </reporter-output>
        </test-method> <!-- closeURL -->
        <test-method is-config="true" signature="launchURL()[pri:0, instance:com.selenium.capstone.tests.CheckOutTest@7586beff]" started-at="2025-09-01T18:08:34 IST" name="launchURL" finished-at="2025-09-01T18:08:43 IST" duration-ms="9523" status="PASS">
          <reporter-output>
          </reporter-output>
        </test-method> <!-- launchURL -->
        <test-method signature="validCheckOut()[pri:2, instance:com.selenium.capstone.tests.CheckOutTest@7586beff]" started-at="2025-09-01T18:08:43 IST" name="validCheckOut" finished-at="2025-09-01T18:08:48 IST" duration-ms="4784" status="PASS">
          <reporter-output>
          </reporter-output>
        </test-method> <!-- validCheckOut -->
        <test-method is-config="true" signature="closeURL()[pri:0, instance:com.selenium.capstone.tests.CheckOutTest@7586beff]" started-at="2025-09-01T18:08:48 IST" name="closeURL" finished-at="2025-09-01T18:08:50 IST" duration-ms="2078" status="PASS">
          <reporter-output>
          </reporter-output>
        </test-method> <!-- closeURL -->
        <test-method is-config="true" signature="afterSuite()[pri:0, instance:com.selenium.capstone.tests.CheckOutTest@7586beff]" started-at="2025-09-01T18:08:50 IST" name="afterSuite" finished-at="2025-09-01T18:08:51 IST" duration-ms="554" status="PASS">
          <reporter-output>
          </reporter-output>
        </test-method> <!-- afterSuite -->
      </class> <!-- com.selenium.capstone.tests.CheckOutTest -->
    </test> <!-- Default test -->
  </suite> <!-- Default suite -->
</testng-results>
